{"C:\\Users\\Inteli\\Desktop\\INTELI-M2-2024\\2024-1B-T14-IN02-G05\\api\\models\\DontLivedAndDontWant.js":{"path":"C:\\Users\\Inteli\\Desktop\\INTELI-M2-2024\\2024-1B-T14-IN02-G05\\api\\models\\DontLivedAndDontWant.js","statementMap":{"0":{"start":{"line":9,"column":0},"end":{"line":23,"column":2}}},"fnMap":{},"branchMap":{},"s":{"0":2},"f":{},"b":{},"_coverageSchema":"1a1c01bbd47fc00a2c39e90264f33305004495a9","hash":"7aac7b054b2158bff30537a460e4141045bf9f46","contentHash":"d76f89278091e798b025b15b5c042d955cc196ba8a447b33833a2f66cb833507"},"C:\\Users\\Inteli\\Desktop\\INTELI-M2-2024\\2024-1B-T14-IN02-G05\\api\\controllers\\DontLivedAndDontWantController.js":{"path":"C:\\Users\\Inteli\\Desktop\\INTELI-M2-2024\\2024-1B-T14-IN02-G05\\api\\controllers\\DontLivedAndDontWantController.js","statementMap":{"0":{"start":{"line":8,"column":0},"end":{"line":54,"column":2}},"1":{"start":{"line":11,"column":4},"end":{"line":16,"column":13}},"2":{"start":{"line":14,"column":12},"end":{"line":14,"column":34}},"3":{"start":{"line":14,"column":22},"end":{"line":14,"column":33}},"4":{"start":{"line":15,"column":12},"end":{"line":15,"column":85}},"5":{"start":{"line":21,"column":4},"end":{"line":24,"column":7}},"6":{"start":{"line":22,"column":6},"end":{"line":22,"column":45}},"7":{"start":{"line":22,"column":16},"end":{"line":22,"column":44}},"8":{"start":{"line":23,"column":6},"end":{"line":23,"column":44}},"9":{"start":{"line":28,"column":4},"end":{"line":32,"column":7}},"10":{"start":{"line":29,"column":6},"end":{"line":29,"column":45}},"11":{"start":{"line":29,"column":16},"end":{"line":29,"column":44}},"12":{"start":{"line":30,"column":6},"end":{"line":30,"column":57}},"13":{"start":{"line":30,"column":34},"end":{"line":30,"column":56}},"14":{"start":{"line":31,"column":6},"end":{"line":31,"column":44}},"15":{"start":{"line":36,"column":4},"end":{"line":39,"column":7}},"16":{"start":{"line":37,"column":6},"end":{"line":37,"column":45}},"17":{"start":{"line":37,"column":16},"end":{"line":37,"column":44}},"18":{"start":{"line":38,"column":6},"end":{"line":38,"column":82}},"19":{"start":{"line":43,"column":4},"end":{"line":46,"column":7}},"20":{"start":{"line":44,"column":6},"end":{"line":44,"column":45}},"21":{"start":{"line":44,"column":16},"end":{"line":44,"column":44}},"22":{"start":{"line":45,"column":6},"end":{"line":45,"column":80}},"23":{"start":{"line":49,"column":4},"end":{"line":49,"column":40}},"24":{"start":{"line":52,"column":4},"end":{"line":52,"column":40}}},"fnMap":{"0":{"name":"(anonymous_0)","decl":{"start":{"line":10,"column":10},"end":{"line":10,"column":11}},"loc":{"start":{"line":10,"column":36},"end":{"line":17,"column":3}},"line":10},"1":{"name":"(anonymous_1)","decl":{"start":{"line":13,"column":16},"end":{"line":13,"column":17}},"loc":{"start":{"line":13,"column":25},"end":{"line":16,"column":11}},"line":13},"2":{"name":"(anonymous_2)","decl":{"start":{"line":20,"column":10},"end":{"line":20,"column":11}},"loc":{"start":{"line":20,"column":36},"end":{"line":25,"column":3}},"line":20},"3":{"name":"(anonymous_3)","decl":{"start":{"line":21,"column":37},"end":{"line":21,"column":38}},"loc":{"start":{"line":21,"column":68},"end":{"line":24,"column":5}},"line":21},"4":{"name":"(anonymous_4)","decl":{"start":{"line":27,"column":11},"end":{"line":27,"column":12}},"loc":{"start":{"line":27,"column":37},"end":{"line":33,"column":3}},"line":27},"5":{"name":"(anonymous_5)","decl":{"start":{"line":28,"column":61},"end":{"line":28,"column":62}},"loc":{"start":{"line":28,"column":92},"end":{"line":32,"column":5}},"line":28},"6":{"name":"(anonymous_6)","decl":{"start":{"line":35,"column":10},"end":{"line":35,"column":11}},"loc":{"start":{"line":35,"column":36},"end":{"line":40,"column":3}},"line":35},"7":{"name":"(anonymous_7)","decl":{"start":{"line":36,"column":70},"end":{"line":36,"column":71}},"loc":{"start":{"line":36,"column":79},"end":{"line":39,"column":5}},"line":36},"8":{"name":"(anonymous_8)","decl":{"start":{"line":42,"column":10},"end":{"line":42,"column":11}},"loc":{"start":{"line":42,"column":36},"end":{"line":47,"column":3}},"line":42},"9":{"name":"(anonymous_9)","decl":{"start":{"line":43,"column":61},"end":{"line":43,"column":62}},"loc":{"start":{"line":43,"column":70},"end":{"line":46,"column":5}},"line":43},"10":{"name":"(anonymous_10)","decl":{"start":{"line":48,"column":11},"end":{"line":48,"column":12}},"loc":{"start":{"line":48,"column":37},"end":{"line":50,"column":3}},"line":48},"11":{"name":"(anonymous_11)","decl":{"start":{"line":51,"column":8},"end":{"line":51,"column":9}},"loc":{"start":{"line":51,"column":34},"end":{"line":53,"column":3}},"line":51}},"branchMap":{"0":{"loc":{"start":{"line":14,"column":12},"end":{"line":14,"column":34}},"type":"if","locations":[{"start":{"line":14,"column":12},"end":{"line":14,"column":34}},{"start":{"line":14,"column":12},"end":{"line":14,"column":34}}],"line":14},"1":{"loc":{"start":{"line":22,"column":6},"end":{"line":22,"column":45}},"type":"if","locations":[{"start":{"line":22,"column":6},"end":{"line":22,"column":45}},{"start":{"line":22,"column":6},"end":{"line":22,"column":45}}],"line":22},"2":{"loc":{"start":{"line":29,"column":6},"end":{"line":29,"column":45}},"type":"if","locations":[{"start":{"line":29,"column":6},"end":{"line":29,"column":45}},{"start":{"line":29,"column":6},"end":{"line":29,"column":45}}],"line":29},"3":{"loc":{"start":{"line":30,"column":6},"end":{"line":30,"column":57}},"type":"if","locations":[{"start":{"line":30,"column":6},"end":{"line":30,"column":57}},{"start":{"line":30,"column":6},"end":{"line":30,"column":57}}],"line":30},"4":{"loc":{"start":{"line":37,"column":6},"end":{"line":37,"column":45}},"type":"if","locations":[{"start":{"line":37,"column":6},"end":{"line":37,"column":45}},{"start":{"line":37,"column":6},"end":{"line":37,"column":45}}],"line":37},"5":{"loc":{"start":{"line":44,"column":6},"end":{"line":44,"column":45}},"type":"if","locations":[{"start":{"line":44,"column":6},"end":{"line":44,"column":45}},{"start":{"line":44,"column":6},"end":{"line":44,"column":45}}],"line":44}},"s":{"0":2,"1":1,"2":1,"3":1,"4":0,"5":2,"6":2,"7":0,"8":2,"9":0,"10":0,"11":0,"12":0,"13":0,"14":0,"15":2,"16":2,"17":0,"18":2,"19":2,"20":2,"21":0,"22":2,"23":3,"24":0},"f":{"0":1,"1":1,"2":2,"3":2,"4":0,"5":0,"6":2,"7":2,"8":2,"9":2,"10":3,"11":0},"b":{"0":[1,0],"1":[0,2],"2":[0,0],"3":[0,0],"4":[0,2],"5":[0,2]},"_coverageSchema":"1a1c01bbd47fc00a2c39e90264f33305004495a9","hash":"58084551745f03f3b0e192f72b234c0180063886","contentHash":"272b3289421b7227ffedc5a53536ac3293c1dcf132f0ebecc2eae0008f32d6f1"},"C:\\Users\\Inteli\\Desktop\\INTELI-M2-2024\\2024-1B-T14-IN02-G05\\api\\models\\HaveDogs.js":{"path":"C:\\Users\\Inteli\\Desktop\\INTELI-M2-2024\\2024-1B-T14-IN02-G05\\api\\models\\HaveDogs.js","statementMap":{"0":{"start":{"line":10,"column":0},"end":{"line":123,"column":2}}},"fnMap":{},"branchMap":{},"s":{"0":2},"f":{},"b":{},"_coverageSchema":"1a1c01bbd47fc00a2c39e90264f33305004495a9","hash":"a569532f6e9d0e37464fc6134da85813a990c3c1","contentHash":"712c16046177e02722ac225faefe5a2142798b7d18b191d8acaa0cc3f1bcf9f1"},"C:\\Users\\Inteli\\Desktop\\INTELI-M2-2024\\2024-1B-T14-IN02-G05\\api\\controllers\\HaveDogsController.js":{"path":"C:\\Users\\Inteli\\Desktop\\INTELI-M2-2024\\2024-1B-T14-IN02-G05\\api\\controllers\\HaveDogsController.js","statementMap":{"0":{"start":{"line":10,"column":0},"end":{"line":56,"column":2}},"1":{"start":{"line":13,"column":4},"end":{"line":18,"column":5}},"2":{"start":{"line":14,"column":21},"end":{"line":14,"column":60}},"3":{"start":{"line":15,"column":6},"end":{"line":15,"column":80}},"4":{"start":{"line":17,"column":6},"end":{"line":17,"column":34}},"5":{"start":{"line":23,"column":4},"end":{"line":26,"column":7}},"6":{"start":{"line":24,"column":6},"end":{"line":24,"column":45}},"7":{"start":{"line":24,"column":16},"end":{"line":24,"column":44}},"8":{"start":{"line":25,"column":6},"end":{"line":25,"column":32}},"9":{"start":{"line":30,"column":4},"end":{"line":34,"column":7}},"10":{"start":{"line":31,"column":6},"end":{"line":31,"column":45}},"11":{"start":{"line":31,"column":16},"end":{"line":31,"column":44}},"12":{"start":{"line":32,"column":6},"end":{"line":32,"column":45}},"13":{"start":{"line":32,"column":22},"end":{"line":32,"column":44}},"14":{"start":{"line":33,"column":6},"end":{"line":33,"column":32}},"15":{"start":{"line":38,"column":4},"end":{"line":41,"column":7}},"16":{"start":{"line":39,"column":6},"end":{"line":39,"column":45}},"17":{"start":{"line":39,"column":16},"end":{"line":39,"column":44}},"18":{"start":{"line":40,"column":6},"end":{"line":40,"column":70}},"19":{"start":{"line":45,"column":4},"end":{"line":48,"column":7}},"20":{"start":{"line":46,"column":6},"end":{"line":46,"column":45}},"21":{"start":{"line":46,"column":16},"end":{"line":46,"column":44}},"22":{"start":{"line":47,"column":6},"end":{"line":47,"column":68}},"23":{"start":{"line":51,"column":4},"end":{"line":51,"column":40}},"24":{"start":{"line":54,"column":4},"end":{"line":54,"column":40}}},"fnMap":{"0":{"name":"(anonymous_0)","decl":{"start":{"line":12,"column":10},"end":{"line":12,"column":11}},"loc":{"start":{"line":12,"column":36},"end":{"line":19,"column":3}},"line":12},"1":{"name":"(anonymous_1)","decl":{"start":{"line":22,"column":10},"end":{"line":22,"column":11}},"loc":{"start":{"line":22,"column":36},"end":{"line":27,"column":3}},"line":22},"2":{"name":"(anonymous_2)","decl":{"start":{"line":23,"column":25},"end":{"line":23,"column":26}},"loc":{"start":{"line":23,"column":44},"end":{"line":26,"column":5}},"line":23},"3":{"name":"(anonymous_3)","decl":{"start":{"line":29,"column":11},"end":{"line":29,"column":12}},"loc":{"start":{"line":29,"column":37},"end":{"line":35,"column":3}},"line":29},"4":{"name":"(anonymous_4)","decl":{"start":{"line":30,"column":49},"end":{"line":30,"column":50}},"loc":{"start":{"line":30,"column":68},"end":{"line":34,"column":5}},"line":30},"5":{"name":"(anonymous_5)","decl":{"start":{"line":37,"column":10},"end":{"line":37,"column":11}},"loc":{"start":{"line":37,"column":36},"end":{"line":42,"column":3}},"line":37},"6":{"name":"(anonymous_6)","decl":{"start":{"line":38,"column":58},"end":{"line":38,"column":59}},"loc":{"start":{"line":38,"column":67},"end":{"line":41,"column":5}},"line":38},"7":{"name":"(anonymous_7)","decl":{"start":{"line":44,"column":10},"end":{"line":44,"column":11}},"loc":{"start":{"line":44,"column":36},"end":{"line":49,"column":3}},"line":44},"8":{"name":"(anonymous_8)","decl":{"start":{"line":45,"column":49},"end":{"line":45,"column":50}},"loc":{"start":{"line":45,"column":58},"end":{"line":48,"column":5}},"line":45},"9":{"name":"(anonymous_9)","decl":{"start":{"line":50,"column":11},"end":{"line":50,"column":12}},"loc":{"start":{"line":50,"column":37},"end":{"line":52,"column":3}},"line":50},"10":{"name":"(anonymous_10)","decl":{"start":{"line":53,"column":8},"end":{"line":53,"column":9}},"loc":{"start":{"line":53,"column":34},"end":{"line":55,"column":3}},"line":53}},"branchMap":{"0":{"loc":{"start":{"line":24,"column":6},"end":{"line":24,"column":45}},"type":"if","locations":[{"start":{"line":24,"column":6},"end":{"line":24,"column":45}},{"start":{"line":24,"column":6},"end":{"line":24,"column":45}}],"line":24},"1":{"loc":{"start":{"line":31,"column":6},"end":{"line":31,"column":45}},"type":"if","locations":[{"start":{"line":31,"column":6},"end":{"line":31,"column":45}},{"start":{"line":31,"column":6},"end":{"line":31,"column":45}}],"line":31},"2":{"loc":{"start":{"line":32,"column":6},"end":{"line":32,"column":45}},"type":"if","locations":[{"start":{"line":32,"column":6},"end":{"line":32,"column":45}},{"start":{"line":32,"column":6},"end":{"line":32,"column":45}}],"line":32},"3":{"loc":{"start":{"line":39,"column":6},"end":{"line":39,"column":45}},"type":"if","locations":[{"start":{"line":39,"column":6},"end":{"line":39,"column":45}},{"start":{"line":39,"column":6},"end":{"line":39,"column":45}}],"line":39},"4":{"loc":{"start":{"line":46,"column":6},"end":{"line":46,"column":45}},"type":"if","locations":[{"start":{"line":46,"column":6},"end":{"line":46,"column":45}},{"start":{"line":46,"column":6},"end":{"line":46,"column":45}}],"line":46}},"s":{"0":2,"1":1,"2":1,"3":0,"4":1,"5":2,"6":2,"7":0,"8":2,"9":3,"10":3,"11":0,"12":3,"13":3,"14":0,"15":2,"16":2,"17":0,"18":2,"19":2,"20":2,"21":0,"22":2,"23":0,"24":0},"f":{"0":1,"1":2,"2":2,"3":3,"4":3,"5":2,"6":2,"7":2,"8":2,"9":0,"10":0},"b":{"0":[0,2],"1":[0,3],"2":[3,0],"3":[0,2],"4":[0,2]},"_coverageSchema":"1a1c01bbd47fc00a2c39e90264f33305004495a9","hash":"de13781568b9d48810f3a82713780633fb2fa197","contentHash":"cb408b4c77f77c2cad7eed58842ce05252bb9598d1b3702e89536dccbac475e3"},"C:\\Users\\Inteli\\Desktop\\INTELI-M2-2024\\2024-1B-T14-IN02-G05\\config\\blueprints.js":{"path":"C:\\Users\\Inteli\\Desktop\\INTELI-M2-2024\\2024-1B-T14-IN02-G05\\config\\blueprints.js","statementMap":{"0":{"start":{"line":12,"column":0},"end":{"line":41,"column":2}}},"fnMap":{},"branchMap":{},"s":{"0":1},"f":{},"b":{},"_coverageSchema":"1a1c01bbd47fc00a2c39e90264f33305004495a9","hash":"44b6fb1de56365e3e48a6ee49d7433a8c7cabe28","contentHash":"d7e656f9250e4910500f5743d0e51a0da28599726eed1db837a0c4ca13963e66"},"C:\\Users\\Inteli\\Desktop\\INTELI-M2-2024\\2024-1B-T14-IN02-G05\\config\\bootstrap.js":{"path":"C:\\Users\\Inteli\\Desktop\\INTELI-M2-2024\\2024-1B-T14-IN02-G05\\config\\bootstrap.js","statementMap":{"0":{"start":{"line":12,"column":0},"end":{"line":30,"column":2}}},"fnMap":{"0":{"name":"(anonymous_0)","decl":{"start":{"line":12,"column":27},"end":{"line":12,"column":28}},"loc":{"start":{"line":12,"column":44},"end":{"line":30,"column":1}},"line":12}},"branchMap":{},"s":{"0":1},"f":{"0":1},"b":{},"_coverageSchema":"1a1c01bbd47fc00a2c39e90264f33305004495a9","hash":"e02deae4ab9f1198cb75683632ac92b402127ced","contentHash":"6ae6ff3e6ed14f0dbb5904867ad370ea75ee422dcd9f30f83e9173f300cd7a58"},"C:\\Users\\Inteli\\Desktop\\INTELI-M2-2024\\2024-1B-T14-IN02-G05\\config\\custom.js":{"path":"C:\\Users\\Inteli\\Desktop\\INTELI-M2-2024\\2024-1B-T14-IN02-G05\\config\\custom.js","statementMap":{"0":{"start":{"line":11,"column":0},"end":{"line":22,"column":2}}},"fnMap":{},"branchMap":{},"s":{"0":1},"f":{},"b":{},"_coverageSchema":"1a1c01bbd47fc00a2c39e90264f33305004495a9","hash":"32a8f71f232ec0f67f4c411ae49064f063e442e4","contentHash":"60a94c4adb6137e11c7e36592cd0836049a9fe15ecba7732cf3c947952631950"},"C:\\Users\\Inteli\\Desktop\\INTELI-M2-2024\\2024-1B-T14-IN02-G05\\config\\datastores.js":{"path":"C:\\Users\\Inteli\\Desktop\\INTELI-M2-2024\\2024-1B-T14-IN02-G05\\config\\datastores.js","statementMap":{"0":{"start":{"line":16,"column":0},"end":{"line":59,"column":2}}},"fnMap":{},"branchMap":{},"s":{"0":1},"f":{},"b":{},"_coverageSchema":"1a1c01bbd47fc00a2c39e90264f33305004495a9","hash":"395704440f36264f5c9763d0ddb2ae37a674c99b","contentHash":"cef23eea9cea918d43645f915b7b2d4f67562ef2d7cf6afaad8240a1560d8ab8"},"C:\\Users\\Inteli\\Desktop\\INTELI-M2-2024\\2024-1B-T14-IN02-G05\\config\\globals.js":{"path":"C:\\Users\\Inteli\\Desktop\\INTELI-M2-2024\\2024-1B-T14-IN02-G05\\config\\globals.js","statementMap":{"0":{"start":{"line":12,"column":0},"end":{"line":52,"column":2}}},"fnMap":{},"branchMap":{},"s":{"0":1},"f":{},"b":{},"_coverageSchema":"1a1c01bbd47fc00a2c39e90264f33305004495a9","hash":"47c9887798f853596f59d5bc69446034ad5f10f7","contentHash":"c8f1a7241b8507ed78fcbe4d18b852cac259082d7c66a980119ee7c25decb8cf"},"C:\\Users\\Inteli\\Desktop\\INTELI-M2-2024\\2024-1B-T14-IN02-G05\\config\\http.js":{"path":"C:\\Users\\Inteli\\Desktop\\INTELI-M2-2024\\2024-1B-T14-IN02-G05\\config\\http.js","statementMap":{"0":{"start":{"line":12,"column":0},"end":{"line":60,"column":2}}},"fnMap":{},"branchMap":{},"s":{"0":1},"f":{},"b":{},"_coverageSchema":"1a1c01bbd47fc00a2c39e90264f33305004495a9","hash":"47dd10f1e1ca42cfc9c8d732be0bfc0ede67842a","contentHash":"69a8c55af662242300be185f4c1777aa8fdd46348be5170055df3919314059f7"},"C:\\Users\\Inteli\\Desktop\\INTELI-M2-2024\\2024-1B-T14-IN02-G05\\config\\i18n.js":{"path":"C:\\Users\\Inteli\\Desktop\\INTELI-M2-2024\\2024-1B-T14-IN02-G05\\config\\i18n.js","statementMap":{"0":{"start":{"line":15,"column":0},"end":{"line":45,"column":2}}},"fnMap":{},"branchMap":{},"s":{"0":1},"f":{},"b":{},"_coverageSchema":"1a1c01bbd47fc00a2c39e90264f33305004495a9","hash":"52b66d3a5d35445ec5fb59d7e078b4e78e0c22ee","contentHash":"003a515f6d73ee5d27365395aa3537965a0f2f04beffa15724f23603ecdee989"},"C:\\Users\\Inteli\\Desktop\\INTELI-M2-2024\\2024-1B-T14-IN02-G05\\config\\log.js":{"path":"C:\\Users\\Inteli\\Desktop\\INTELI-M2-2024\\2024-1B-T14-IN02-G05\\config\\log.js","statementMap":{"0":{"start":{"line":13,"column":0},"end":{"line":29,"column":2}}},"fnMap":{},"branchMap":{},"s":{"0":1},"f":{},"b":{},"_coverageSchema":"1a1c01bbd47fc00a2c39e90264f33305004495a9","hash":"c19718bf24e33a514478c916c977a7f1060c546e","contentHash":"d61c1020ba433e934771e3f0bd2555f318db40b2fef726cf5bcde5933b0a4e6e"},"C:\\Users\\Inteli\\Desktop\\INTELI-M2-2024\\2024-1B-T14-IN02-G05\\config\\models.js":{"path":"C:\\Users\\Inteli\\Desktop\\INTELI-M2-2024\\2024-1B-T14-IN02-G05\\config\\models.js","statementMap":{"0":{"start":{"line":16,"column":0},"end":{"line":124,"column":2}}},"fnMap":{},"branchMap":{},"s":{"0":1},"f":{},"b":{},"_coverageSchema":"1a1c01bbd47fc00a2c39e90264f33305004495a9","hash":"fa2b45562f44ffd2157440db72801278b281b130","contentHash":"50f18de15fe2cdb5191cd688e135657731363905dd4dec81c5e785bc6be93660"},"C:\\Users\\Inteli\\Desktop\\INTELI-M2-2024\\2024-1B-T14-IN02-G05\\config\\policies.js":{"path":"C:\\Users\\Inteli\\Desktop\\INTELI-M2-2024\\2024-1B-T14-IN02-G05\\config\\policies.js","statementMap":{"0":{"start":{"line":11,"column":0},"end":{"line":22,"column":2}}},"fnMap":{},"branchMap":{},"s":{"0":1},"f":{},"b":{},"_coverageSchema":"1a1c01bbd47fc00a2c39e90264f33305004495a9","hash":"a22a046d2079fb92ecb69403344041f816b6af6e","contentHash":"588b1bae488592cc7f5503e28fd47de79a4748043bd70d3bafcaad09cb512769"},"C:\\Users\\Inteli\\Desktop\\INTELI-M2-2024\\2024-1B-T14-IN02-G05\\config\\routes.js":{"path":"C:\\Users\\Inteli\\Desktop\\INTELI-M2-2024\\2024-1B-T14-IN02-G05\\config\\routes.js","statementMap":{"0":{"start":{"line":2,"column":0},"end":{"line":71,"column":2}}},"fnMap":{},"branchMap":{},"s":{"0":1},"f":{},"b":{},"_coverageSchema":"1a1c01bbd47fc00a2c39e90264f33305004495a9","hash":"600a02b84645f8ce75a2d3262f61b217c6d5e4f6","contentHash":"af1237ac9961c50f5895fcf2137b84e5b8c53416b6e8ff5559deae50cb6faf45"},"C:\\Users\\Inteli\\Desktop\\INTELI-M2-2024\\2024-1B-T14-IN02-G05\\config\\security.js":{"path":"C:\\Users\\Inteli\\Desktop\\INTELI-M2-2024\\2024-1B-T14-IN02-G05\\config\\security.js","statementMap":{"0":{"start":{"line":16,"column":0},"end":{"line":54,"column":2}}},"fnMap":{},"branchMap":{},"s":{"0":1},"f":{},"b":{},"_coverageSchema":"1a1c01bbd47fc00a2c39e90264f33305004495a9","hash":"de096c9d87df78a19b2ef7f2e5c8a8241f2a9cdf","contentHash":"f775b919c9d46cd2709f9b36ab821ef1e8b3a7e3108ad6db22aaaa8b8c8e5f41"},"C:\\Users\\Inteli\\Desktop\\INTELI-M2-2024\\2024-1B-T14-IN02-G05\\config\\session.js":{"path":"C:\\Users\\Inteli\\Desktop\\INTELI-M2-2024\\2024-1B-T14-IN02-G05\\config\\session.js","statementMap":{"0":{"start":{"line":12,"column":0},"end":{"line":39,"column":2}}},"fnMap":{},"branchMap":{},"s":{"0":1},"f":{},"b":{},"_coverageSchema":"1a1c01bbd47fc00a2c39e90264f33305004495a9","hash":"ad95642e20f7b5028a5b0776eab760f93df44550","contentHash":"acb2721c0d89581f345101b1ec12e9ff18776d297315a5271f1521bc2f3cdc2d"},"C:\\Users\\Inteli\\Desktop\\INTELI-M2-2024\\2024-1B-T14-IN02-G05\\config\\sockets.js":{"path":"C:\\Users\\Inteli\\Desktop\\INTELI-M2-2024\\2024-1B-T14-IN02-G05\\config\\sockets.js","statementMap":{"0":{"start":{"line":12,"column":0},"end":{"line":82,"column":2}}},"fnMap":{},"branchMap":{},"s":{"0":1},"f":{},"b":{},"_coverageSchema":"1a1c01bbd47fc00a2c39e90264f33305004495a9","hash":"aaee65dda3a744c25dc1342c5e289b7ef900c6a3","contentHash":"840179e0f41ea24c1f7b4d739caedb97d74356c8a4895cb53ba3eb39c7a07625"},"C:\\Users\\Inteli\\Desktop\\INTELI-M2-2024\\2024-1B-T14-IN02-G05\\config\\views.js":{"path":"C:\\Users\\Inteli\\Desktop\\INTELI-M2-2024\\2024-1B-T14-IN02-G05\\config\\views.js","statementMap":{"0":{"start":{"line":17,"column":0},"end":{"line":41,"column":2}}},"fnMap":{},"branchMap":{},"s":{"0":1},"f":{},"b":{},"_coverageSchema":"1a1c01bbd47fc00a2c39e90264f33305004495a9","hash":"ad9b624c84facecade598baf9c2f70f88a842f1a","contentHash":"12f548c5b89233fa7ee56a6df0fc86ca53d4903b716eaed9a99c925c3190adab"},"C:\\Users\\Inteli\\Desktop\\INTELI-M2-2024\\2024-1B-T14-IN02-G05\\api\\services\\firebase.js":{"path":"C:\\Users\\Inteli\\Desktop\\INTELI-M2-2024\\2024-1B-T14-IN02-G05\\api\\services\\firebase.js","statementMap":{"0":{"start":{"line":2,"column":17},"end":{"line":2,"column":40}},"1":{"start":{"line":3,"column":0},"end":{"line":3,"column":25}},"2":{"start":{"line":5,"column":23},"end":{"line":13,"column":3}},"3":{"start":{"line":16,"column":0},"end":{"line":16,"column":39}},"4":{"start":{"line":17,"column":0},"end":{"line":17,"column":26}}},"fnMap":{},"branchMap":{},"s":{"0":1,"1":1,"2":1,"3":1,"4":1},"f":{},"b":{},"_coverageSchema":"1a1c01bbd47fc00a2c39e90264f33305004495a9","hash":"caa10eab9751bd7279113949766e13c6d9b1aaf9","contentHash":"fd2eae436c776f64fb38cf8d4f5ee4939e38cc16f0c6efe7787fad6170341016"},"C:\\Users\\Inteli\\Desktop\\INTELI-M2-2024\\2024-1B-T14-IN02-G05\\api\\models\\ContactUser.js":{"path":"C:\\Users\\Inteli\\Desktop\\INTELI-M2-2024\\2024-1B-T14-IN02-G05\\api\\models\\ContactUser.js","statementMap":{"0":{"start":{"line":10,"column":0},"end":{"line":35,"column":2}}},"fnMap":{},"branchMap":{},"s":{"0":1},"f":{},"b":{},"_coverageSchema":"1a1c01bbd47fc00a2c39e90264f33305004495a9","hash":"d80d424b5ed841ef3e3d6791c3aa07b23055d909","contentHash":"4ccfc8aeaf04ce428c25ea1b0ebc959131343b6f0056d1b892363181a24640fb"},"C:\\Users\\Inteli\\Desktop\\INTELI-M2-2024\\2024-1B-T14-IN02-G05\\api\\models\\DontHaveButWant.js":{"path":"C:\\Users\\Inteli\\Desktop\\INTELI-M2-2024\\2024-1B-T14-IN02-G05\\api\\models\\DontHaveButWant.js","statementMap":{"0":{"start":{"line":10,"column":0},"end":{"line":86,"column":2}}},"fnMap":{},"branchMap":{},"s":{"0":1},"f":{},"b":{},"_coverageSchema":"1a1c01bbd47fc00a2c39e90264f33305004495a9","hash":"0e747aa808aaf4f5c6b91e4e010aa4bcdd48a9a7","contentHash":"ad60f164fcfb0ca8ddf1dcab76fed251b541f13ebcb94ca12b6e5153887cc3fa"},"C:\\Users\\Inteli\\Desktop\\INTELI-M2-2024\\2024-1B-T14-IN02-G05\\api\\models\\FormData.js":{"path":"C:\\Users\\Inteli\\Desktop\\INTELI-M2-2024\\2024-1B-T14-IN02-G05\\api\\models\\FormData.js","statementMap":{"0":{"start":{"line":8,"column":0},"end":{"line":28,"column":2}}},"fnMap":{},"branchMap":{},"s":{"0":1},"f":{},"b":{},"_coverageSchema":"1a1c01bbd47fc00a2c39e90264f33305004495a9","hash":"06f8957c1465f7739c63743b8b7adbd06940a058","contentHash":"06ba5b6815f15e7edcb56763bab02133ce9915f15c65590abb087236ac65bddd"},"C:\\Users\\Inteli\\Desktop\\INTELI-M2-2024\\2024-1B-T14-IN02-G05\\api\\models\\HadDogsOrLivedWith.js":{"path":"C:\\Users\\Inteli\\Desktop\\INTELI-M2-2024\\2024-1B-T14-IN02-G05\\api\\models\\HadDogsOrLivedWith.js","statementMap":{"0":{"start":{"line":9,"column":0},"end":{"line":150,"column":2}}},"fnMap":{},"branchMap":{},"s":{"0":1},"f":{},"b":{},"_coverageSchema":"1a1c01bbd47fc00a2c39e90264f33305004495a9","hash":"0709d57604426a386feaee9ba66c9757c550fc5c","contentHash":"3a930dd8ef57a16fac3a0d464e41b63fceef84bddfc4e5e506c70c66c27e8acd"},"C:\\Users\\Inteli\\Desktop\\INTELI-M2-2024\\2024-1B-T14-IN02-G05\\api\\models\\User.js":{"path":"C:\\Users\\Inteli\\Desktop\\INTELI-M2-2024\\2024-1B-T14-IN02-G05\\api\\models\\User.js","statementMap":{"0":{"start":{"line":10,"column":17},"end":{"line":10,"column":33}},"1":{"start":{"line":11,"column":21},"end":{"line":11,"column":48}},"2":{"start":{"line":14,"column":0},"end":{"line":63,"column":2}}},"fnMap":{},"branchMap":{},"s":{"0":1,"1":1,"2":1},"f":{},"b":{},"_coverageSchema":"1a1c01bbd47fc00a2c39e90264f33305004495a9","hash":"6b16e953084609d390b24381dbb3d66fade16f3b","contentHash":"7114467b48364ccb48ba9136054e23caa2418d663b8ceff86f0e1bd2cfc4e49e"},"C:\\Users\\Inteli\\Desktop\\INTELI-M2-2024\\2024-1B-T14-IN02-G05\\api\\controllers\\AuthController.js":{"path":"C:\\Users\\Inteli\\Desktop\\INTELI-M2-2024\\2024-1B-T14-IN02-G05\\api\\controllers\\AuthController.js","statementMap":{"0":{"start":{"line":1,"column":0},"end":{"line":1,"column":32}},"1":{"start":{"line":2,"column":104},"end":{"line":2,"column":128}},"2":{"start":{"line":4,"column":0},"end":{"line":47,"column":2}},"3":{"start":{"line":6,"column":16},"end":{"line":6,"column":30}},"4":{"start":{"line":7,"column":19},"end":{"line":7,"column":36}},"5":{"start":{"line":9,"column":4},"end":{"line":18,"column":5}},"6":{"start":{"line":10,"column":21},"end":{"line":10,"column":81}},"7":{"start":{"line":11,"column":20},"end":{"line":11,"column":31}},"8":{"start":{"line":13,"column":6},"end":{"line":13,"column":24}},"9":{"start":{"line":14,"column":6},"end":{"line":14,"column":30}},"10":{"start":{"line":16,"column":6},"end":{"line":16,"column":24}},"11":{"start":{"line":17,"column":6},"end":{"line":17,"column":56}},"12":{"start":{"line":22,"column":16},"end":{"line":22,"column":30}},"13":{"start":{"line":23,"column":19},"end":{"line":23,"column":36}},"14":{"start":{"line":25,"column":4},"end":{"line":33,"column":5}},"15":{"start":{"line":26,"column":21},"end":{"line":26,"column":85}},"16":{"start":{"line":27,"column":20},"end":{"line":27,"column":31}},"17":{"start":{"line":29,"column":6},"end":{"line":29,"column":30}},"18":{"start":{"line":31,"column":6},"end":{"line":31,"column":24}},"19":{"start":{"line":32,"column":6},"end":{"line":32,"column":56}},"20":{"start":{"line":37,"column":18},"end":{"line":37,"column":32}},"21":{"start":{"line":39,"column":4},"end":{"line":45,"column":5}},"22":{"start":{"line":40,"column":6},"end":{"line":40,"column":53}},"23":{"start":{"line":41,"column":6},"end":{"line":41,"column":80}},"24":{"start":{"line":43,"column":6},"end":{"line":43,"column":24}},"25":{"start":{"line":44,"column":6},"end":{"line":44,"column":56}}},"fnMap":{"0":{"name":"(anonymous_0)","decl":{"start":{"line":5,"column":14},"end":{"line":5,"column":15}},"loc":{"start":{"line":5,"column":39},"end":{"line":19,"column":3}},"line":5},"1":{"name":"(anonymous_1)","decl":{"start":{"line":21,"column":17},"end":{"line":21,"column":18}},"loc":{"start":{"line":21,"column":42},"end":{"line":34,"column":3}},"line":21},"2":{"name":"(anonymous_2)","decl":{"start":{"line":36,"column":19},"end":{"line":36,"column":20}},"loc":{"start":{"line":36,"column":44},"end":{"line":46,"column":3}},"line":36}},"branchMap":{},"s":{"0":1,"1":1,"2":1,"3":0,"4":0,"5":0,"6":0,"7":0,"8":0,"9":0,"10":0,"11":0,"12":0,"13":0,"14":0,"15":0,"16":0,"17":0,"18":0,"19":0,"20":0,"21":0,"22":0,"23":0,"24":0,"25":0},"f":{"0":0,"1":0,"2":0},"b":{},"_coverageSchema":"1a1c01bbd47fc00a2c39e90264f33305004495a9","hash":"35788f729f6a0d250416eeca9285e12166e9d41b","contentHash":"ebdb491420e9821830ad99c05b562354eb96645886d365a928001a6cbd57a2a6"},"C:\\Users\\Inteli\\Desktop\\INTELI-M2-2024\\2024-1B-T14-IN02-G05\\api\\controllers\\ContactuserController.js":{"path":"C:\\Users\\Inteli\\Desktop\\INTELI-M2-2024\\2024-1B-T14-IN02-G05\\api\\controllers\\ContactuserController.js","statementMap":{"0":{"start":{"line":3,"column":0},"end":{"line":59,"column":2}},"1":{"start":{"line":7,"column":4},"end":{"line":15,"column":5}},"2":{"start":{"line":8,"column":42},"end":{"line":8,"column":50}},"3":{"start":{"line":11,"column":25},"end":{"line":11,"column":78}},"4":{"start":{"line":12,"column":6},"end":{"line":12,"column":47}},"5":{"start":{"line":14,"column":6},"end":{"line":14,"column":46}},"6":{"start":{"line":20,"column":4},"end":{"line":26,"column":5}},"7":{"start":{"line":22,"column":23},"end":{"line":22,"column":55}},"8":{"start":{"line":23,"column":6},"end":{"line":23,"column":43}},"9":{"start":{"line":25,"column":6},"end":{"line":25,"column":58}},"10":{"start":{"line":31,"column":4},"end":{"line":42,"column":5}},"11":{"start":{"line":32,"column":6},"end":{"line":32,"column":30}},"12":{"start":{"line":33,"column":19},"end":{"line":33,"column":64}},"13":{"start":{"line":34,"column":6},"end":{"line":37,"column":7}},"14":{"start":{"line":36,"column":8},"end":{"line":36,"column":53}},"15":{"start":{"line":38,"column":6},"end":{"line":38,"column":39}},"16":{"start":{"line":41,"column":6},"end":{"line":41,"column":46}},"17":{"start":{"line":47,"column":4},"end":{"line":57,"column":5}},"18":{"start":{"line":48,"column":29},"end":{"line":48,"column":78}},"19":{"start":{"line":49,"column":6},"end":{"line":52,"column":7}},"20":{"start":{"line":51,"column":8},"end":{"line":51,"column":55}},"21":{"start":{"line":53,"column":6},"end":{"line":53,"column":39}},"22":{"start":{"line":55,"column":6},"end":{"line":55,"column":45}}},"fnMap":{"0":{"name":"(anonymous_0)","decl":{"start":{"line":6,"column":10},"end":{"line":6,"column":11}},"loc":{"start":{"line":6,"column":35},"end":{"line":16,"column":3}},"line":6},"1":{"name":"(anonymous_1)","decl":{"start":{"line":19,"column":10},"end":{"line":19,"column":11}},"loc":{"start":{"line":19,"column":35},"end":{"line":27,"column":3}},"line":19},"2":{"name":"(anonymous_2)","decl":{"start":{"line":30,"column":10},"end":{"line":30,"column":11}},"loc":{"start":{"line":30,"column":36},"end":{"line":43,"column":3}},"line":30},"3":{"name":"(anonymous_3)","decl":{"start":{"line":46,"column":10},"end":{"line":46,"column":11}},"loc":{"start":{"line":46,"column":36},"end":{"line":58,"column":3}},"line":46}},"branchMap":{"0":{"loc":{"start":{"line":34,"column":6},"end":{"line":37,"column":7}},"type":"if","locations":[{"start":{"line":34,"column":6},"end":{"line":37,"column":7}},{"start":{"line":34,"column":6},"end":{"line":37,"column":7}}],"line":34},"1":{"loc":{"start":{"line":49,"column":6},"end":{"line":52,"column":7}},"type":"if","locations":[{"start":{"line":49,"column":6},"end":{"line":52,"column":7}},{"start":{"line":49,"column":6},"end":{"line":52,"column":7}}],"line":49}},"s":{"0":1,"1":0,"2":0,"3":0,"4":0,"5":0,"6":0,"7":0,"8":0,"9":0,"10":0,"11":0,"12":0,"13":0,"14":0,"15":0,"16":0,"17":0,"18":0,"19":0,"20":0,"21":0,"22":0},"f":{"0":0,"1":0,"2":0,"3":0},"b":{"0":[0,0],"1":[0,0]},"_coverageSchema":"1a1c01bbd47fc00a2c39e90264f33305004495a9","hash":"acea577b0368422096423061900742e9a2622d22","contentHash":"b2268faeb256892c88737ef41c55b4e134c9d45b1a039fba9d52d56b6e14e96f"},"C:\\Users\\Inteli\\Desktop\\INTELI-M2-2024\\2024-1B-T14-IN02-G05\\api\\controllers\\DontHaveButWantController.js":{"path":"C:\\Users\\Inteli\\Desktop\\INTELI-M2-2024\\2024-1B-T14-IN02-G05\\api\\controllers\\DontHaveButWantController.js","statementMap":{"0":{"start":{"line":9,"column":0},"end":{"line":68,"column":2}},"1":{"start":{"line":12,"column":4},"end":{"line":17,"column":5}},"2":{"start":{"line":13,"column":24},"end":{"line":13,"column":70}},"3":{"start":{"line":14,"column":6},"end":{"line":14,"column":90}},"4":{"start":{"line":16,"column":6},"end":{"line":16,"column":34}},"5":{"start":{"line":22,"column":4},"end":{"line":27,"column":5}},"6":{"start":{"line":23,"column":25},"end":{"line":23,"column":53}},"7":{"start":{"line":24,"column":6},"end":{"line":24,"column":34}},"8":{"start":{"line":26,"column":6},"end":{"line":26,"column":34}},"9":{"start":{"line":32,"column":4},"end":{"line":40,"column":5}},"10":{"start":{"line":33,"column":21},"end":{"line":33,"column":73}},"11":{"start":{"line":34,"column":6},"end":{"line":36,"column":7}},"12":{"start":{"line":35,"column":8},"end":{"line":35,"column":30}},"13":{"start":{"line":37,"column":6},"end":{"line":37,"column":30}},"14":{"start":{"line":39,"column":6},"end":{"line":39,"column":34}},"15":{"start":{"line":45,"column":4},"end":{"line":53,"column":5}},"16":{"start":{"line":46,"column":28},"end":{"line":46,"column":96}},"17":{"start":{"line":47,"column":6},"end":{"line":49,"column":7}},"18":{"start":{"line":48,"column":8},"end":{"line":48,"column":30}},"19":{"start":{"line":50,"column":6},"end":{"line":50,"column":98}},"20":{"start":{"line":52,"column":6},"end":{"line":52,"column":34}},"21":{"start":{"line":58,"column":4},"end":{"line":66,"column":5}},"22":{"start":{"line":59,"column":28},"end":{"line":59,"column":83}},"23":{"start":{"line":60,"column":6},"end":{"line":62,"column":7}},"24":{"start":{"line":61,"column":8},"end":{"line":61,"column":30}},"25":{"start":{"line":63,"column":6},"end":{"line":63,"column":96}},"26":{"start":{"line":65,"column":6},"end":{"line":65,"column":34}}},"fnMap":{"0":{"name":"(anonymous_0)","decl":{"start":{"line":11,"column":10},"end":{"line":11,"column":11}},"loc":{"start":{"line":11,"column":36},"end":{"line":18,"column":3}},"line":11},"1":{"name":"(anonymous_1)","decl":{"start":{"line":21,"column":10},"end":{"line":21,"column":11}},"loc":{"start":{"line":21,"column":36},"end":{"line":28,"column":3}},"line":21},"2":{"name":"(anonymous_2)","decl":{"start":{"line":31,"column":11},"end":{"line":31,"column":12}},"loc":{"start":{"line":31,"column":37},"end":{"line":41,"column":3}},"line":31},"3":{"name":"(anonymous_3)","decl":{"start":{"line":44,"column":10},"end":{"line":44,"column":11}},"loc":{"start":{"line":44,"column":36},"end":{"line":54,"column":3}},"line":44},"4":{"name":"(anonymous_4)","decl":{"start":{"line":57,"column":10},"end":{"line":57,"column":11}},"loc":{"start":{"line":57,"column":36},"end":{"line":67,"column":3}},"line":57}},"branchMap":{"0":{"loc":{"start":{"line":34,"column":6},"end":{"line":36,"column":7}},"type":"if","locations":[{"start":{"line":34,"column":6},"end":{"line":36,"column":7}},{"start":{"line":34,"column":6},"end":{"line":36,"column":7}}],"line":34},"1":{"loc":{"start":{"line":47,"column":6},"end":{"line":49,"column":7}},"type":"if","locations":[{"start":{"line":47,"column":6},"end":{"line":49,"column":7}},{"start":{"line":47,"column":6},"end":{"line":49,"column":7}}],"line":47},"2":{"loc":{"start":{"line":60,"column":6},"end":{"line":62,"column":7}},"type":"if","locations":[{"start":{"line":60,"column":6},"end":{"line":62,"column":7}},{"start":{"line":60,"column":6},"end":{"line":62,"column":7}}],"line":60}},"s":{"0":1,"1":0,"2":0,"3":0,"4":0,"5":0,"6":0,"7":0,"8":0,"9":0,"10":0,"11":0,"12":0,"13":0,"14":0,"15":0,"16":0,"17":0,"18":0,"19":0,"20":0,"21":0,"22":0,"23":0,"24":0,"25":0,"26":0},"f":{"0":0,"1":0,"2":0,"3":0,"4":0},"b":{"0":[0,0],"1":[0,0],"2":[0,0]},"_coverageSchema":"1a1c01bbd47fc00a2c39e90264f33305004495a9","hash":"3ccf3701825cae955ac92b0fb36920aa7cd93cd2","contentHash":"1774e19b6e9c9ab031347ed77ea818d6d678d0df4a566dd64e613d76b5404934"},"C:\\Users\\Inteli\\Desktop\\INTELI-M2-2024\\2024-1B-T14-IN02-G05\\api\\controllers\\HadDogsOrLivedWithController.js":{"path":"C:\\Users\\Inteli\\Desktop\\INTELI-M2-2024\\2024-1B-T14-IN02-G05\\api\\controllers\\HadDogsOrLivedWithController.js","statementMap":{"0":{"start":{"line":8,"column":0},"end":{"line":75,"column":2}},"1":{"start":{"line":12,"column":4},"end":{"line":20,"column":5}},"2":{"start":{"line":13,"column":6},"end":{"line":13,"column":45}},"3":{"start":{"line":14,"column":24},"end":{"line":14,"column":73}},"4":{"start":{"line":15,"column":6},"end":{"line":15,"column":52}},"5":{"start":{"line":16,"column":6},"end":{"line":16,"column":45}},"6":{"start":{"line":18,"column":6},"end":{"line":18,"column":53}},"7":{"start":{"line":19,"column":6},"end":{"line":19,"column":60}},"8":{"start":{"line":25,"column":4},"end":{"line":34,"column":5}},"9":{"start":{"line":26,"column":21},"end":{"line":26,"column":76}},"10":{"start":{"line":27,"column":6},"end":{"line":29,"column":7}},"11":{"start":{"line":28,"column":8},"end":{"line":28,"column":67}},"12":{"start":{"line":30,"column":6},"end":{"line":30,"column":30}},"13":{"start":{"line":32,"column":6},"end":{"line":32,"column":52}},"14":{"start":{"line":33,"column":6},"end":{"line":33,"column":60}},"15":{"start":{"line":39,"column":4},"end":{"line":48,"column":5}},"16":{"start":{"line":40,"column":28},"end":{"line":40,"column":99}},"17":{"start":{"line":41,"column":6},"end":{"line":43,"column":7}},"18":{"start":{"line":42,"column":8},"end":{"line":42,"column":67}},"19":{"start":{"line":44,"column":6},"end":{"line":44,"column":37}},"20":{"start":{"line":46,"column":6},"end":{"line":46,"column":53}},"21":{"start":{"line":47,"column":6},"end":{"line":47,"column":60}},"22":{"start":{"line":53,"column":4},"end":{"line":62,"column":5}},"23":{"start":{"line":54,"column":28},"end":{"line":54,"column":86}},"24":{"start":{"line":55,"column":6},"end":{"line":57,"column":7}},"25":{"start":{"line":56,"column":8},"end":{"line":56,"column":67}},"26":{"start":{"line":58,"column":6},"end":{"line":58,"column":36}},"27":{"start":{"line":60,"column":6},"end":{"line":60,"column":53}},"28":{"start":{"line":61,"column":6},"end":{"line":61,"column":60}},"29":{"start":{"line":67,"column":4},"end":{"line":73,"column":5}},"30":{"start":{"line":68,"column":22},"end":{"line":68,"column":53}},"31":{"start":{"line":69,"column":6},"end":{"line":69,"column":31}},"32":{"start":{"line":71,"column":6},"end":{"line":71,"column":53}},"33":{"start":{"line":72,"column":6},"end":{"line":72,"column":60}}},"fnMap":{"0":{"name":"(anonymous_0)","decl":{"start":{"line":11,"column":10},"end":{"line":11,"column":11}},"loc":{"start":{"line":11,"column":35},"end":{"line":21,"column":3}},"line":11},"1":{"name":"(anonymous_1)","decl":{"start":{"line":24,"column":11},"end":{"line":24,"column":12}},"loc":{"start":{"line":24,"column":36},"end":{"line":35,"column":3}},"line":24},"2":{"name":"(anonymous_2)","decl":{"start":{"line":38,"column":10},"end":{"line":38,"column":11}},"loc":{"start":{"line":38,"column":35},"end":{"line":49,"column":3}},"line":38},"3":{"name":"(anonymous_3)","decl":{"start":{"line":52,"column":11},"end":{"line":52,"column":12}},"loc":{"start":{"line":52,"column":36},"end":{"line":63,"column":3}},"line":52},"4":{"name":"(anonymous_4)","decl":{"start":{"line":66,"column":8},"end":{"line":66,"column":9}},"loc":{"start":{"line":66,"column":33},"end":{"line":74,"column":3}},"line":66}},"branchMap":{"0":{"loc":{"start":{"line":27,"column":6},"end":{"line":29,"column":7}},"type":"if","locations":[{"start":{"line":27,"column":6},"end":{"line":29,"column":7}},{"start":{"line":27,"column":6},"end":{"line":29,"column":7}}],"line":27},"1":{"loc":{"start":{"line":41,"column":6},"end":{"line":43,"column":7}},"type":"if","locations":[{"start":{"line":41,"column":6},"end":{"line":43,"column":7}},{"start":{"line":41,"column":6},"end":{"line":43,"column":7}}],"line":41},"2":{"loc":{"start":{"line":55,"column":6},"end":{"line":57,"column":7}},"type":"if","locations":[{"start":{"line":55,"column":6},"end":{"line":57,"column":7}},{"start":{"line":55,"column":6},"end":{"line":57,"column":7}}],"line":55}},"s":{"0":1,"1":0,"2":0,"3":0,"4":0,"5":0,"6":0,"7":0,"8":0,"9":0,"10":0,"11":0,"12":0,"13":0,"14":0,"15":0,"16":0,"17":0,"18":0,"19":0,"20":0,"21":0,"22":0,"23":0,"24":0,"25":0,"26":0,"27":0,"28":0,"29":0,"30":0,"31":0,"32":0,"33":0},"f":{"0":0,"1":0,"2":0,"3":0,"4":0},"b":{"0":[0,0],"1":[0,0],"2":[0,0]},"_coverageSchema":"1a1c01bbd47fc00a2c39e90264f33305004495a9","hash":"965d7454b74fe920db2045f6fd2d27e82df4addf","contentHash":"928d83d6ad043a2daf0e76120b5b350b2e8fc4314f5c5f9e1aa05aac3eb78113"},"C:\\Users\\Inteli\\Desktop\\INTELI-M2-2024\\2024-1B-T14-IN02-G05\\api\\controllers\\UserController.js":{"path":"C:\\Users\\Inteli\\Desktop\\INTELI-M2-2024\\2024-1B-T14-IN02-G05\\api\\controllers\\UserController.js","statementMap":{"0":{"start":{"line":8,"column":0},"end":{"line":78,"column":1}},"1":{"start":{"line":11,"column":4},"end":{"line":20,"column":5}},"2":{"start":{"line":12,"column":22},"end":{"line":12,"column":49}},"3":{"start":{"line":13,"column":6},"end":{"line":13,"column":42}},"4":{"start":{"line":19,"column":6},"end":{"line":19,"column":58}},"5":{"start":{"line":25,"column":4},"end":{"line":30,"column":5}},"6":{"start":{"line":26,"column":20},"end":{"line":26,"column":45}},"7":{"start":{"line":27,"column":6},"end":{"line":27,"column":40}},"8":{"start":{"line":29,"column":6},"end":{"line":29,"column":58}},"9":{"start":{"line":35,"column":4},"end":{"line":44,"column":5}},"10":{"start":{"line":36,"column":6},"end":{"line":36,"column":30}},"11":{"start":{"line":37,"column":19},"end":{"line":37,"column":58}},"12":{"start":{"line":38,"column":6},"end":{"line":40,"column":7}},"13":{"start":{"line":39,"column":8},"end":{"line":39,"column":65}},"14":{"start":{"line":41,"column":6},"end":{"line":41,"column":39}},"15":{"start":{"line":43,"column":6},"end":{"line":43,"column":58}},"16":{"start":{"line":49,"column":4},"end":{"line":60,"column":5}},"17":{"start":{"line":50,"column":6},"end":{"line":50,"column":30}},"18":{"start":{"line":51,"column":19},"end":{"line":51,"column":57}},"19":{"start":{"line":52,"column":6},"end":{"line":55,"column":7}},"20":{"start":{"line":54,"column":8},"end":{"line":54,"column":53}},"21":{"start":{"line":56,"column":6},"end":{"line":56,"column":39}},"22":{"start":{"line":59,"column":6},"end":{"line":59,"column":46}},"23":{"start":{"line":66,"column":2},"end":{"line":76,"column":3}},"24":{"start":{"line":67,"column":24},"end":{"line":67,"column":66}},"25":{"start":{"line":68,"column":4},"end":{"line":71,"column":5}},"26":{"start":{"line":70,"column":6},"end":{"line":70,"column":53}},"27":{"start":{"line":72,"column":4},"end":{"line":72,"column":37}},"28":{"start":{"line":74,"column":4},"end":{"line":74,"column":43}}},"fnMap":{"0":{"name":"(anonymous_0)","decl":{"start":{"line":10,"column":10},"end":{"line":10,"column":11}},"loc":{"start":{"line":10,"column":36},"end":{"line":21,"column":3}},"line":10},"1":{"name":"(anonymous_1)","decl":{"start":{"line":24,"column":11},"end":{"line":24,"column":12}},"loc":{"start":{"line":24,"column":37},"end":{"line":31,"column":3}},"line":24},"2":{"name":"(anonymous_2)","decl":{"start":{"line":34,"column":11},"end":{"line":34,"column":12}},"loc":{"start":{"line":34,"column":37},"end":{"line":45,"column":3}},"line":34},"3":{"name":"(anonymous_3)","decl":{"start":{"line":48,"column":10},"end":{"line":48,"column":11}},"loc":{"start":{"line":48,"column":36},"end":{"line":61,"column":3}},"line":48},"4":{"name":"(anonymous_4)","decl":{"start":{"line":65,"column":10},"end":{"line":65,"column":11}},"loc":{"start":{"line":65,"column":36},"end":{"line":77,"column":1}},"line":65}},"branchMap":{"0":{"loc":{"start":{"line":38,"column":6},"end":{"line":40,"column":7}},"type":"if","locations":[{"start":{"line":38,"column":6},"end":{"line":40,"column":7}},{"start":{"line":38,"column":6},"end":{"line":40,"column":7}}],"line":38},"1":{"loc":{"start":{"line":52,"column":6},"end":{"line":55,"column":7}},"type":"if","locations":[{"start":{"line":52,"column":6},"end":{"line":55,"column":7}},{"start":{"line":52,"column":6},"end":{"line":55,"column":7}}],"line":52},"2":{"loc":{"start":{"line":68,"column":4},"end":{"line":71,"column":5}},"type":"if","locations":[{"start":{"line":68,"column":4},"end":{"line":71,"column":5}},{"start":{"line":68,"column":4},"end":{"line":71,"column":5}}],"line":68}},"s":{"0":1,"1":0,"2":0,"3":0,"4":0,"5":0,"6":0,"7":0,"8":0,"9":0,"10":0,"11":0,"12":0,"13":0,"14":0,"15":0,"16":0,"17":0,"18":0,"19":0,"20":0,"21":0,"22":0,"23":0,"24":0,"25":0,"26":0,"27":0,"28":0},"f":{"0":0,"1":0,"2":0,"3":0,"4":0},"b":{"0":[0,0],"1":[0,0],"2":[0,0]},"_coverageSchema":"1a1c01bbd47fc00a2c39e90264f33305004495a9","hash":"3c3b43a65c640b073dcf41c4c2a6669bbc77420b","contentHash":"78b845d0a4f141aee42c6088975e32fae28683f71e62e5eff3a735522512c90a"}}